Thu Apr 05 09:21:59 CEST 2018 : Servidor de red Apache Derby: Se ha iniciado 10.10.2.0 - (1582446) y está listo para aceptar las conexiones en el puerto 1527
----------------------------------------------------------------
Thu Apr 05 09:21:59 CEST 2018:
 Iniciando instancia a816c00e-0162-94ae-ff18-00006f2db0cf de Derby, versión The Apache Software Foundation - Apache Derby - 10.10.2.0 - (1582446): 
en el directorio de base de datos /Users/rafaelsoriadiez/MEGA/Uni/Especialidad/Estrategia de Seguridad/Prac_Est_Seg/ShelterDB/ShelterDB/ShelterDB con el cargador de clases sun.misc.Launcher$AppClassLoader@66d3c617
Cargado desde file:/Applications/NetBeans/glassfish-4.1.1/javadb/lib/derby.jar
java.vendor=Oracle Corporation
java.runtime.version=1.8.0_131-b11
user.dir=/Applications/NetBeans/glassfish-4.1.1/javadb
os.name=Mac OS X
os.arch=x86_64
os.version=10.13.1
derby.system.home=/Users/rafaelsoriadiez/MEGA/Uni/Especialidad/Estrategia de Seguridad/Prac_Est_Seg/ShelterDB/ShelterDB
Cargador de clases de base de datos iniciado - derby.database.classpath=''
----------------------------------------------------------------
Thu Apr 05 09:22:00 CEST 2018:
Cerrando la instancia a816c00e-0162-94ae-ff18-00006f2db0cf en el directorio de base de datos /Users/rafaelsoriadiez/MEGA/Uni/Especialidad/Estrategia de Seguridad/Prac_Est_Seg/ShelterDB/ShelterDB/ShelterDB con cargador de clases sun.misc.Launcher$AppClassLoader@66d3c617
Thu Apr 05 09:22:00 CEST 2018 Thread[DRDAConnThread_3,5,main] (DATABASE = ShelterDB), (DRDAID = {2}), Cierre de la base de datos 'ShelterDB'.
----------------------------------------------------------------
Thu Apr 05 09:22:02 CEST 2018:
 Iniciando instancia 560740aa-0162-94ae-ff18-00006f2db0cf de Derby, versión The Apache Software Foundation - Apache Derby - 10.10.2.0 - (1582446): 
en el directorio de base de datos /Users/rafaelsoriadiez/MEGA/Uni/Especialidad/Estrategia de Seguridad/Prac_Est_Seg/ShelterDB/ShelterDB/ShelterDB con el cargador de clases sun.misc.Launcher$AppClassLoader@66d3c617
Cargado desde file:/Applications/NetBeans/glassfish-4.1.1/javadb/lib/derby.jar
java.vendor=Oracle Corporation
java.runtime.version=1.8.0_131-b11
user.dir=/Applications/NetBeans/glassfish-4.1.1/javadb
os.name=Mac OS X
os.arch=x86_64
os.version=10.13.1
derby.system.home=/Users/rafaelsoriadiez/MEGA/Uni/Especialidad/Estrategia de Seguridad/Prac_Est_Seg/ShelterDB/ShelterDB
Cargador de clases de base de datos iniciado - derby.database.classpath=''
----------------------------------------------------------------
Thu Apr 05 09:22:12 CEST 2018: cerrando motor de Derby
----------------------------------------------------------------
Thu Apr 05 09:22:12 CEST 2018:
Cerrando la instancia 560740aa-0162-94ae-ff18-00006f2db0cf en el directorio de base de datos /Users/rafaelsoriadiez/MEGA/Uni/Especialidad/Estrategia de Seguridad/Prac_Est_Seg/ShelterDB/ShelterDB/ShelterDB con cargador de clases sun.misc.Launcher$AppClassLoader@66d3c617
----------------------------------------------------------------
